<?xml version="1.0" encoding="UTF-8"?>
<!-- Generated by org.testng.reporters.JUnitReportReporter -->
<testsuite hostname="DESKTOP-Q28BER4" failures="0" tests="1" name="TestScripts.LoginTest" time="3.077" errors="0" timestamp="2023-09-14T23:34:01 IST" skipped="0">
  <testcase classname="TestScripts.LoginTest" name="loginTest" time="3.077"/>
  <system-out/>
</testsuite> <!-- TestScripts.LoginTest -->
